Detecting C compiler ABI info failed to compile with the following output:
Change Dir: C:/Users/Brayann/opencv_test2/ED22-01-Diaz-Maldonado/Taller_opencv/build/CMakeFiles/CMakeTmp

Run Build Command(s):C:/Program Files/Microsoft Visual Studio/2022/Community/MSBuild/Current/Bin/amd64/MSBuild.exe cmTC_8bb7c.vcxproj /p:Configuration=Debug /p:Platform=x64 /p:VisualStudioVersion=17.0 /v:m && Microsoft (R) Build Engine versión 17.2.1+52cd2da31 para .NET Framework
Copyright (C) Microsoft Corporation. Todos los derechos reservados.

  Compilador de optimización de C/C++ de Microsoft (R) versión 19.32.31329 para x64
  (C) Microsoft Corporation. Todos los derechos reservados.
  CMakeCCompilerABI.c
  cl /c /Zi /W3 /WX- /diagnostics:column /Od /Ob0 /D _MBCS /D WIN32 /D _WINDOWS /D "CMAKE_INTDIR=\"Debug\"" /Gm- /RTC1 /MDd /GS /fp:precise /Zc:wchar_t /Zc:forScope /Zc:inline /Fo"cmTC_8bb7c.dir\Debug\\" /Fd"cmTC_8bb7c.dir\Debug\vc143.pdb" /external:W3 /Gd /TC /errorReport:queue "C:\Program Files\CMake\share\cmake-3.24\Modules\CMakeCCompilerABI.c"
LINK : warning LNK4081: espacio en disco insuficiente; se vinculará de manera no incremental [C:\Users\Brayann\opencv_test2\ED22-01-Diaz-Maldonado\Taller_opencv\build\CMakeFiles\CMakeTmp\cmTC_8bb7c.vcxproj]
C:\Users\Brayann\opencv_test2\ED22-01-Diaz-Maldonado\Taller_opencv\build\CMakeFiles\CMakeTmp\Debug\cmTC_8bb7c.exe : fatal error LNK1108: no se puede escribir el archivo en 0x0 [C:\Users\Brayann\opencv_test2\ED22-01-Diaz-Maldonado\Taller_opencv\build\CMakeFiles\CMakeTmp\cmTC_8bb7c.vcxproj]
FileTracker : error FTK1005: no se pudo escribir el marcador de archivo de raíz en el archivo de registro de seguimiento de archivos: C:\Users\Brayann\opencv_test2\ED22-01-Diaz-Maldonado\Taller_opencv\build\CMakeFiles\CMakeTmp\cmTC_8bb7c.dir\Debug\cmTC_8bb7c.tlog\link.read.1.tlog. Espacio en disco insuficiente. [C:\Users\Brayann\opencv_test2\ED22-01-Diaz-Maldonado\Taller_opencv\build\CMakeFiles\CMakeTmp\cmTC_8bb7c.vcxproj]
  
  
  
FileTracker : error FTK1005: no se pudo escribir el marcador de archivo de raíz en el archivo de registro de seguimiento de archivos: C:\Users\Brayann\opencv_test2\ED22-01-Diaz-Maldonado\Taller_opencv\build\CMakeFiles\CMakeTmp\cmTC_8bb7c.dir\Debug\cmTC_8bb7c.tlog\link.write.1.tlog. Espacio en disco insuficiente. [C:\Users\Brayann\opencv_test2\ED22-01-Diaz-Maldonado\Taller_opencv\build\CMakeFiles\CMakeTmp\cmTC_8bb7c.vcxproj]
  
  
  
C:\Program Files\Microsoft Visual Studio\2022\Community\MSBuild\Microsoft\VC\v170\Microsoft.CppCommon.targets(1092,5): error MSB6003: No se pudo ejecutar la tarea ejecutable especificada "link.exe". System.IO.IOException: Espacio en disco insuficiente. [C:\Users\Brayann\opencv_test2\ED22-01-Diaz-Maldonado\Taller_opencv\build\CMakeFiles\CMakeTmp\cmTC_8bb7c.vcxproj]
C:\Program Files\Microsoft Visual Studio\2022\Community\MSBuild\Microsoft\VC\v170\Microsoft.CppCommon.targets(1092,5): error MSB6003:  [C:\Users\Brayann\opencv_test2\ED22-01-Diaz-Maldonado\Taller_opencv\build\CMakeFiles\CMakeTmp\cmTC_8bb7c.vcxproj]
C:\Program Files\Microsoft Visual Studio\2022\Community\MSBuild\Microsoft\VC\v170\Microsoft.CppCommon.targets(1092,5): error MSB6003:    en System.IO.__Error.WinIOError(Int32 errorCode, String maybeFullPath) [C:\Users\Brayann\opencv_test2\ED22-01-Diaz-Maldonado\Taller_opencv\build\CMakeFiles\CMakeTmp\cmTC_8bb7c.vcxproj]
C:\Program Files\Microsoft Visual Studio\2022\Community\MSBuild\Microsoft\VC\v170\Microsoft.CppCommon.targets(1092,5): error MSB6003:    en System.IO.FileStream.WriteCore(Byte[] buffer, Int32 offset, Int32 count) [C:\Users\Brayann\opencv_test2\ED22-01-Diaz-Maldonado\Taller_opencv\build\CMakeFiles\CMakeTmp\cmTC_8bb7c.vcxproj]
C:\Program Files\Microsoft Visual Studio\2022\Community\MSBuild\Microsoft\VC\v170\Microsoft.CppCommon.targets(1092,5): error MSB6003:    en System.IO.FileStream.FlushWrite(Boolean calledFromFinalizer) [C:\Users\Brayann\opencv_test2\ED22-01-Diaz-Maldonado\Taller_opencv\build\CMakeFiles\CMakeTmp\cmTC_8bb7c.vcxproj]
C:\Program Files\Microsoft Visual Studio\2022\Community\MSBuild\Microsoft\VC\v170\Microsoft.CppCommon.targets(1092,5): error MSB6003:    en System.IO.FileStream.Dispose(Boolean disposing) [C:\Users\Brayann\opencv_test2\ED22-01-Diaz-Maldonado\Taller_opencv\build\CMakeFiles\CMakeTmp\cmTC_8bb7c.vcxproj]
C:\Program Files\Microsoft Visual Studio\2022\Community\MSBuild\Microsoft\VC\v170\Microsoft.CppCommon.targets(1092,5): error MSB6003:    en System.IO.Stream.Close() [C:\Users\Brayann\opencv_test2\ED22-01-Diaz-Maldonado\Taller_opencv\build\CMakeFiles\CMakeTmp\cmTC_8bb7c.vcxproj]
C:\Program Files\Microsoft Visual Studio\2022\Community\MSBuild\Microsoft\VC\v170\Microsoft.CppCommon.targets(1092,5): error MSB6003:    en System.IO.StreamWriter.Dispose(Boolean disposing) [C:\Users\Brayann\opencv_test2\ED22-01-Diaz-Maldonado\Taller_opencv\build\CMakeFiles\CMakeTmp\cmTC_8bb7c.vcxproj]
C:\Program Files\Microsoft Visual Studio\2022\Community\MSBuild\Microsoft\VC\v170\Microsoft.CppCommon.targets(1092,5): error MSB6003:    en System.IO.TextWriter.Dispose() [C:\Users\Brayann\opencv_test2\ED22-01-Diaz-Maldonado\Taller_opencv\build\CMakeFiles\CMakeTmp\cmTC_8bb7c.vcxproj]
C:\Program Files\Microsoft Visual Studio\2022\Community\MSBuild\Microsoft\VC\v170\Microsoft.CppCommon.targets(1092,5): error MSB6003:    en System.IO.File.InternalWriteAllText(String path, String contents, Encoding encoding, Boolean checkHost) [C:\Users\Brayann\opencv_test2\ED22-01-Diaz-Maldonado\Taller_opencv\build\CMakeFiles\CMakeTmp\cmTC_8bb7c.vcxproj]
C:\Program Files\Microsoft Visual Studio\2022\Community\MSBuild\Microsoft\VC\v170\Microsoft.CppCommon.targets(1092,5): error MSB6003:    en Microsoft.Build.Utilities.CanonicalTrackedOutputFiles.SaveTlog(DependencyFilter includeInTLog) [C:\Users\Brayann\opencv_test2\ED22-01-Diaz-Maldonado\Taller_opencv\build\CMakeFiles\CMakeTmp\cmTC_8bb7c.vcxproj]
C:\Program Files\Microsoft Visual Studio\2022\Community\MSBuild\Microsoft\VC\v170\Microsoft.CppCommon.targets(1092,5): error MSB6003:    en Microsoft.Build.CPPTasks.TrackedVCToolTask.PostExecuteTool(Int32 exitCode) [C:\Users\Brayann\opencv_test2\ED22-01-Diaz-Maldonado\Taller_opencv\build\CMakeFiles\CMakeTmp\cmTC_8bb7c.vcxproj]
C:\Program Files\Microsoft Visual Studio\2022\Community\MSBuild\Microsoft\VC\v170\Microsoft.CppCommon.targets(1092,5): error MSB6003:    en Microsoft.Build.CPPTasks.TrackedVCToolTask.ExecuteTool(String pathToTool, String responseFileCommands, String commandLineCommands) [C:\Users\Brayann\opencv_test2\ED22-01-Diaz-Maldonado\Taller_opencv\build\CMakeFiles\CMakeTmp\cmTC_8bb7c.vcxproj]
C:\Program Files\Microsoft Visual Studio\2022\Community\MSBuild\Microsoft\VC\v170\Microsoft.CppCommon.targets(1092,5): error MSB6003:    en Microsoft.Build.Utilities.ToolTask.Execute() [C:\Users\Brayann\opencv_test2\ED22-01-Diaz-Maldonado\Taller_opencv\build\CMakeFiles\CMakeTmp\cmTC_8bb7c.vcxproj]




Determining if the C compiler works failed with the following output:
Change Dir: C:/Users/Brayann/opencv_test2/ED22-01-Diaz-Maldonado/Taller_opencv/build/CMakeFiles/CMakeTmp

Run Build Command(s):C:/Program Files/Microsoft Visual Studio/2022/Community/MSBuild/Current/Bin/amd64/MSBuild.exe cmTC_77d76.vcxproj /p:Configuration=Debug /p:Platform=x64 /p:VisualStudioVersion=17.0 /v:m && Microsoft (R) Build Engine versión 17.2.1+52cd2da31 para .NET Framework
Copyright (C) Microsoft Corporation. Todos los derechos reservados.

  Compilador de optimización de C/C++ de Microsoft (R) versión 19.32.31329 para x64
  (C) Microsoft Corporation. Todos los derechos reservados.
  testCCompiler.c
  cl /c /Zi /W3 /WX- /diagnostics:column /Od /Ob0 /D _MBCS /D WIN32 /D _WINDOWS /D "CMAKE_INTDIR=\"Debug\"" /Gm- /RTC1 /MDd /GS /fp:precise /Zc:wchar_t /Zc:forScope /Zc:inline /Fo"cmTC_77d76.dir\Debug\\" /Fd"cmTC_77d76.dir\Debug\vc143.pdb" /external:W3 /Gd /TC /errorReport:queue "C:\Users\Brayann\opencv_test2\ED22-01-Diaz-Maldonado\Taller_opencv\build\CMakeFiles\CMakeTmp\testCCompiler.c"
LINK : warning LNK4081: espacio en disco insuficiente; se vinculará de manera no incremental [C:\Users\Brayann\opencv_test2\ED22-01-Diaz-Maldonado\Taller_opencv\build\CMakeFiles\CMakeTmp\cmTC_77d76.vcxproj]
C:\Users\Brayann\opencv_test2\ED22-01-Diaz-Maldonado\Taller_opencv\build\CMakeFiles\CMakeTmp\Debug\cmTC_77d76.exe : fatal error LNK1108: no se puede escribir el archivo en 0x0 [C:\Users\Brayann\opencv_test2\ED22-01-Diaz-Maldonado\Taller_opencv\build\CMakeFiles\CMakeTmp\cmTC_77d76.vcxproj]
FileTracker : error FTK1005: no se pudo escribir el marcador de archivo de raíz en el archivo de registro de seguimiento de archivos: C:\Users\Brayann\opencv_test2\ED22-01-Diaz-Maldonado\Taller_opencv\build\CMakeFiles\CMakeTmp\cmTC_77d76.dir\Debug\cmTC_77d76.tlog\link.read.1.tlog. Espacio en disco insuficiente. [C:\Users\Brayann\opencv_test2\ED22-01-Diaz-Maldonado\Taller_opencv\build\CMakeFiles\CMakeTmp\cmTC_77d76.vcxproj]
  
  
  
FileTracker : error FTK1005: no se pudo escribir el marcador de archivo de raíz en el archivo de registro de seguimiento de archivos: C:\Users\Brayann\opencv_test2\ED22-01-Diaz-Maldonado\Taller_opencv\build\CMakeFiles\CMakeTmp\cmTC_77d76.dir\Debug\cmTC_77d76.tlog\link.write.1.tlog. Espacio en disco insuficiente. [C:\Users\Brayann\opencv_test2\ED22-01-Diaz-Maldonado\Taller_opencv\build\CMakeFiles\CMakeTmp\cmTC_77d76.vcxproj]
  
  
  



Compiling the C compiler identification source file "CMakeCCompilerId.c" failed.
Compiler:  
Build flags: 
Id flags:  

The output was:
1
Microsoft (R) Build Engine versión 17.2.1+52cd2da31 para .NET Framework
Copyright (C) Microsoft Corporation. Todos los derechos reservados.

MSBUILD : error MSB1009: El archivo de proyecto no existe.
Modificador: CompilerIdC.vcxproj


Compiling the CXX compiler identification source file "CMakeCXXCompilerId.cpp" failed.
Compiler:  
Build flags: 
Id flags:  

The output was:
1
Microsoft (R) Build Engine versión 17.2.1+52cd2da31 para .NET Framework
Copyright (C) Microsoft Corporation. Todos los derechos reservados.

MSBUILD : error MSB1009: El archivo de proyecto no existe.
Modificador: CompilerIdCXX.vcxproj


